<?xml version="1.0" encoding="UTF-8"?>
<testng-results ignored="0" total="2" passed="1" failed="1" skipped="0">
  <reporter-output>
  </reporter-output>
  <suite started-at="2021-06-18T11:40:31Z" name="Suite" finished-at="2021-06-18T11:42:35Z" duration-ms="123604">
    <groups>
    </groups>
    <test started-at="2021-06-18T11:40:31Z" name="ChromeTest" finished-at="2021-06-18T11:41:23Z" duration-ms="51988">
      <class name="testClasses.TestClass">
        <test-method is-config="true" signature="beforettest(java.lang.String)[pri:0, instance:testClasses.TestClass@710636b0]" started-at="2021-06-18T11:40:31Z" name="beforettest" finished-at="2021-06-18T11:40:43Z" duration-ms="12238" status="PASS">
          <params>
            <param index="0">
              <value>
                <![CDATA[chrome]]>
              </value>
            </param>
          </params>
          <reporter-output>
          </reporter-output>
        </test-method> <!-- beforettest -->
        <test-method is-config="true" signature="beforeClass()[pri:0, instance:testClasses.TestClass@710636b0]" started-at="2021-06-18T11:40:44Z" name="beforeClass" finished-at="2021-06-18T11:40:50Z" duration-ms="6211" status="PASS">
          <reporter-output>
          </reporter-output>
        </test-method> <!-- beforeClass -->
        <test-method is-config="true" signature="beforeMethod()[pri:0, instance:testClasses.TestClass@710636b0]" started-at="2021-06-18T11:40:50Z" name="beforeMethod" finished-at="2021-06-18T11:41:00Z" duration-ms="10071" status="PASS">
          <reporter-output>
          </reporter-output>
        </test-method> <!-- beforeMethod -->
        <test-method signature="VerifyTaskurl()[pri:0, instance:testClasses.TestClass@710636b0]" started-at="2021-06-18T11:41:00Z" name="VerifyTaskurl" finished-at="2021-06-18T11:41:17Z" duration-ms="16790" status="PASS">
          <reporter-output>
          </reporter-output>
        </test-method> <!-- VerifyTaskurl -->
        <test-method is-config="true" signature="aftermethod()[pri:0, instance:testClasses.TestClass@710636b0]" started-at="2021-06-18T11:41:17Z" name="aftermethod" finished-at="2021-06-18T11:41:22Z" duration-ms="5426" status="PASS">
          <reporter-output>
          </reporter-output>
        </test-method> <!-- aftermethod -->
        <test-method is-config="true" signature="afterclass()[pri:0, instance:testClasses.TestClass@710636b0]" started-at="2021-06-18T11:41:22Z" name="afterclass" finished-at="2021-06-18T11:41:23Z" duration-ms="937" status="PASS">
          <reporter-output>
          </reporter-output>
        </test-method> <!-- afterclass -->
      </class> <!-- testClasses.TestClass -->
    </test> <!-- ChromeTest -->
    <test started-at="2021-06-18T11:41:24Z" name="FirefoxTest" finished-at="2021-06-18T11:42:35Z" duration-ms="71029">
      <class name="testClasses.TestClass">
        <test-method is-config="true" signature="beforettest(java.lang.String)[pri:0, instance:testClasses.TestClass@333d4a8c]" started-at="2021-06-18T11:41:24Z" name="beforettest" finished-at="2021-06-18T11:42:00Z" duration-ms="35888" status="PASS">
          <params>
            <param index="0">
              <value>
                <![CDATA[Firefox]]>
              </value>
            </param>
          </params>
          <reporter-output>
          </reporter-output>
        </test-method> <!-- beforettest -->
        <test-method is-config="true" signature="beforeClass()[pri:0, instance:testClasses.TestClass@333d4a8c]" started-at="2021-06-18T11:42:00Z" name="beforeClass" finished-at="2021-06-18T11:42:10Z" duration-ms="10393" status="PASS">
          <reporter-output>
          </reporter-output>
        </test-method> <!-- beforeClass -->
        <test-method is-config="true" signature="beforeMethod()[pri:0, instance:testClasses.TestClass@333d4a8c]" started-at="2021-06-18T11:42:10Z" name="beforeMethod" finished-at="2021-06-18T11:42:15Z" duration-ms="5177" status="PASS">
          <reporter-output>
          </reporter-output>
        </test-method> <!-- beforeMethod -->
        <test-method signature="VerifyTaskurl()[pri:0, instance:testClasses.TestClass@333d4a8c]" started-at="2021-06-18T11:42:15Z" name="VerifyTaskurl" finished-at="2021-06-18T11:42:26Z" duration-ms="10366" status="FAIL">
          <exception class="org.openqa.selenium.ElementClickInterceptedException">
            <message>
              <![CDATA[Element <div id="container_reports" class="svgNavigationContainer"> is not clickable at point (797,47) because another element <div id="preInsertedTransformedMoireId" class="transformedMoireClass"> obscures it
Build info: version: '3.141.59', revision: 'e82be7d358', time: '2018-11-14T08:17:03'
System info: host: 'DESKTOP-R1COBD5', ip: '192.168.0.102', os.name: 'Windows 10', os.arch: 'amd64', os.version: '10.0', java.version: '16.0.1'
Driver info: org.openqa.selenium.firefox.FirefoxDriver
Capabilities {acceptInsecureCerts: true, browserName: firefox, browserVersion: 89.0.1, javascriptEnabled: true, moz:accessibilityChecks: false, moz:buildID: 20210614221319, moz:geckodriverVersion: 0.29.1, moz:headless: false, moz:processID: 3472, moz:profile: C:\Users\admin\AppData\Loca..., moz:shutdownTimeout: 60000, moz:useNonSpecCompliantPointerOrigin: false, moz:webdriverClick: true, pageLoadStrategy: normal, platform: WINDOWS, platformName: WINDOWS, platformVersion: 10.0, setWindowRect: true, strictFileInteractability: false, timeouts: {implicit: 0, pageLoad: 300000, script: 30000}, unhandledPromptBehavior: dismiss and notify}
Session ID: 0d84f6ca-5f23-4b8a-b0ad-4df3a3a43e8c]]>
            </message>
            <full-stacktrace>
              <![CDATA[org.openqa.selenium.ElementClickInterceptedException: Element <div id="container_reports" class="svgNavigationContainer"> is not clickable at point (797,47) because another element <div id="preInsertedTransformedMoireId" class="transformedMoireClass"> obscures it
Build info: version: '3.141.59', revision: 'e82be7d358', time: '2018-11-14T08:17:03'
System info: host: 'DESKTOP-R1COBD5', ip: '192.168.0.102', os.name: 'Windows 10', os.arch: 'amd64', os.version: '10.0', java.version: '16.0.1'
Driver info: org.openqa.selenium.firefox.FirefoxDriver
Capabilities {acceptInsecureCerts: true, browserName: firefox, browserVersion: 89.0.1, javascriptEnabled: true, moz:accessibilityChecks: false, moz:buildID: 20210614221319, moz:geckodriverVersion: 0.29.1, moz:headless: false, moz:processID: 3472, moz:profile: C:\Users\admin\AppData\Loca..., moz:shutdownTimeout: 60000, moz:useNonSpecCompliantPointerOrigin: false, moz:webdriverClick: true, pageLoadStrategy: normal, platform: WINDOWS, platformName: WINDOWS, platformVersion: 10.0, setWindowRect: true, strictFileInteractability: false, timeouts: {implicit: 0, pageLoad: 300000, script: 30000}, unhandledPromptBehavior: dismiss and notify}
Session ID: 0d84f6ca-5f23-4b8a-b0ad-4df3a3a43e8c
at java.base/jdk.internal.reflect.NativeConstructorAccessorImpl.newInstance0(Native Method)
at java.base/jdk.internal.reflect.NativeConstructorAccessorImpl.newInstance(NativeConstructorAccessorImpl.java:78)
at java.base/jdk.internal.reflect.DelegatingConstructorAccessorImpl.newInstance(DelegatingConstructorAccessorImpl.java:45)
at java.base/java.lang.reflect.Constructor.newInstanceWithCaller(Constructor.java:499)
at java.base/java.lang.reflect.Constructor.newInstance(Constructor.java:480)
at org.openqa.selenium.remote.http.W3CHttpResponseCodec.createException(W3CHttpResponseCodec.java:187)
at org.openqa.selenium.remote.http.W3CHttpResponseCodec.decode(W3CHttpResponseCodec.java:122)
at org.openqa.selenium.remote.http.W3CHttpResponseCodec.decode(W3CHttpResponseCodec.java:49)
at org.openqa.selenium.remote.HttpCommandExecutor.execute(HttpCommandExecutor.java:158)
at org.openqa.selenium.remote.service.DriverCommandExecutor.execute(DriverCommandExecutor.java:83)
at org.openqa.selenium.remote.RemoteWebDriver.execute(RemoteWebDriver.java:552)
at org.openqa.selenium.remote.RemoteWebElement.execute(RemoteWebElement.java:285)
at org.openqa.selenium.remote.RemoteWebElement.click(RemoteWebElement.java:84)
at java.base/jdk.internal.reflect.NativeMethodAccessorImpl.invoke0(Native Method)
at java.base/jdk.internal.reflect.NativeMethodAccessorImpl.invoke(NativeMethodAccessorImpl.java:78)
at java.base/jdk.internal.reflect.DelegatingMethodAccessorImpl.invoke(DelegatingMethodAccessorImpl.java:43)
at java.base/java.lang.reflect.Method.invoke(Method.java:567)
at org.openqa.selenium.support.pagefactory.internal.LocatingElementHandler.invoke(LocatingElementHandler.java:51)
at jdk.proxy2/jdk.proxy2.$Proxy16.click(Unknown Source)
at pom.classes.HomePage.ClickOnReportsButton(HomePage.java:42)
at testClasses.TestClass.VerifyTaskurl(TestClass.java:86)
at java.base/jdk.internal.reflect.NativeMethodAccessorImpl.invoke0(Native Method)
at java.base/jdk.internal.reflect.NativeMethodAccessorImpl.invoke(NativeMethodAccessorImpl.java:78)
at java.base/jdk.internal.reflect.DelegatingMethodAccessorImpl.invoke(DelegatingMethodAccessorImpl.java:43)
at java.base/java.lang.reflect.Method.invoke(Method.java:567)
at org.testng.internal.MethodInvocationHelper.invokeMethod(MethodInvocationHelper.java:124)
at org.testng.internal.Invoker.invokeMethod(Invoker.java:583)
at org.testng.internal.Invoker.invokeTestMethod(Invoker.java:719)
at org.testng.internal.Invoker.invokeTestMethods(Invoker.java:989)
at org.testng.internal.TestMethodWorker.invokeTestMethods(TestMethodWorker.java:125)
at org.testng.internal.TestMethodWorker.run(TestMethodWorker.java:109)
at org.testng.TestRunner.privateRun(TestRunner.java:648)
at org.testng.TestRunner.run(TestRunner.java:505)
at org.testng.SuiteRunner.runTest(SuiteRunner.java:455)
at org.testng.SuiteRunner.runSequentially(SuiteRunner.java:450)
at org.testng.SuiteRunner.privateRun(SuiteRunner.java:415)
at org.testng.SuiteRunner.run(SuiteRunner.java:364)
at org.testng.SuiteRunnerWorker.runSuite(SuiteRunnerWorker.java:52)
at org.testng.SuiteRunnerWorker.run(SuiteRunnerWorker.java:84)
at org.testng.TestNG.runSuitesSequentially(TestNG.java:1208)
at org.testng.TestNG.runSuitesLocally(TestNG.java:1137)
at org.testng.TestNG.runSuites(TestNG.java:1049)
at org.testng.TestNG.run(TestNG.java:1017)
at org.testng.remote.AbstractRemoteTestNG.run(AbstractRemoteTestNG.java:115)
at org.testng.remote.RemoteTestNG.initAndRun(RemoteTestNG.java:251)
at org.testng.remote.RemoteTestNG.main(RemoteTestNG.java:77)
]]>
            </full-stacktrace>
          </exception> <!-- org.openqa.selenium.ElementClickInterceptedException -->
          <reporter-output>
          </reporter-output>
        </test-method> <!-- VerifyTaskurl -->
        <test-method is-config="true" signature="aftermethod()[pri:0, instance:testClasses.TestClass@333d4a8c]" started-at="2021-06-18T11:42:26Z" name="aftermethod" finished-at="2021-06-18T11:42:30Z" duration-ms="4699" status="PASS">
          <reporter-output>
          </reporter-output>
        </test-method> <!-- aftermethod -->
        <test-method is-config="true" signature="afterclass()[pri:0, instance:testClasses.TestClass@333d4a8c]" started-at="2021-06-18T11:42:30Z" name="afterclass" finished-at="2021-06-18T11:42:35Z" duration-ms="4471" status="PASS">
          <reporter-output>
          </reporter-output>
        </test-method> <!-- afterclass -->
      </class> <!-- testClasses.TestClass -->
    </test> <!-- FirefoxTest -->
  </suite> <!-- Suite -->
</testng-results>
